<?xml version="1.0" encoding="UTF-8"?>
<testsuite xmlns:xsi="http://www.w3.org/2001/XMLSchema-instance" xsi:noNamespaceSchemaLocation="https://maven.apache.org/surefire/maven-surefire-plugin/xsd/surefire-test-report-3.0.xsd" version="3.0" name="jee.service.AccountServiceTests" time="9.099" tests="2" errors="0" skipped="0" failures="0">
  <properties>
    <property name="java.specification.version" value="19"/>
    <property name="sun.jnu.encoding" value="UTF-8"/>
    <property name="java.class.path" value="/Users/thekingzeineddine/eclipse-workspace/familio/target/test-classes:/Users/thekingzeineddine/eclipse-workspace/familio/target/classes:/Users/thekingzeineddine/.m2/repository/jakarta/platform/jakarta.jakartaee-api/9.0.0/jakarta.jakartaee-api-9.0.0.jar:/Users/thekingzeineddine/.m2/repository/org/hibernate/orm/hibernate-core/6.1.6.Final/hibernate-core-6.1.6.Final.jar:/Users/thekingzeineddine/.m2/repository/jakarta/persistence/jakarta.persistence-api/3.0.0/jakarta.persistence-api-3.0.0.jar:/Users/thekingzeineddine/.m2/repository/jakarta/transaction/jakarta.transaction-api/2.0.0/jakarta.transaction-api-2.0.0.jar:/Users/thekingzeineddine/.m2/repository/org/jboss/logging/jboss-logging/3.4.3.Final/jboss-logging-3.4.3.Final.jar:/Users/thekingzeineddine/.m2/repository/org/hibernate/common/hibernate-commons-annotations/6.0.2.Final/hibernate-commons-annotations-6.0.2.Final.jar:/Users/thekingzeineddine/.m2/repository/org/jboss/jandex/2.4.2.Final/jandex-2.4.2.Final.jar:/Users/thekingzeineddine/.m2/repository/com/fasterxml/classmate/1.5.1/classmate-1.5.1.jar:/Users/thekingzeineddine/.m2/repository/net/bytebuddy/byte-buddy/1.12.18/byte-buddy-1.12.18.jar:/Users/thekingzeineddine/.m2/repository/jakarta/xml/bind/jakarta.xml.bind-api/3.0.1/jakarta.xml.bind-api-3.0.1.jar:/Users/thekingzeineddine/.m2/repository/com/sun/activation/jakarta.activation/2.0.1/jakarta.activation-2.0.1.jar:/Users/thekingzeineddine/.m2/repository/org/glassfish/jaxb/jaxb-runtime/3.0.2/jaxb-runtime-3.0.2.jar:/Users/thekingzeineddine/.m2/repository/org/glassfish/jaxb/jaxb-core/3.0.2/jaxb-core-3.0.2.jar:/Users/thekingzeineddine/.m2/repository/org/glassfish/jaxb/txw2/3.0.2/txw2-3.0.2.jar:/Users/thekingzeineddine/.m2/repository/com/sun/istack/istack-commons-runtime/4.0.1/istack-commons-runtime-4.0.1.jar:/Users/thekingzeineddine/.m2/repository/jakarta/inject/jakarta.inject-api/2.0.0/jakarta.inject-api-2.0.0.jar:/Users/thekingzeineddine/.m2/repository/org/antlr/antlr4-runtime/4.10.1/antlr4-runtime-4.10.1.jar:/Users/thekingzeineddine/.m2/repository/org/postgresql/postgresql/42.3.8/postgresql-42.3.8.jar:/Users/thekingzeineddine/.m2/repository/org/checkerframework/checker-qual/3.5.0/checker-qual-3.5.0.jar:/Users/thekingzeineddine/.m2/repository/junit/junit/4.11/junit-4.11.jar:/Users/thekingzeineddine/.m2/repository/org/hamcrest/hamcrest-core/1.3/hamcrest-core-1.3.jar:/Users/thekingzeineddine/.m2/repository/org/assertj/assertj-core/3.21.0/assertj-core-3.21.0.jar:/Users/thekingzeineddine/.m2/repository/io/vavr/vavr/0.10.4/vavr-0.10.4.jar:/Users/thekingzeineddine/.m2/repository/io/vavr/vavr-match/0.10.4/vavr-match-0.10.4.jar:/Users/thekingzeineddine/.m2/repository/org/apache/tomee/tomee-jaxrs/9.0.0/tomee-jaxrs-9.0.0.jar:/Users/thekingzeineddine/.m2/repository/org/apache/tomee/tomee-loader/9.0.0/tomee-loader-9.0.0.jar:/Users/thekingzeineddine/.m2/repository/org/apache/tomee/openejb-loader/9.0.0/openejb-loader-9.0.0.jar:/Users/thekingzeineddine/.m2/repository/org/slf4j/slf4j-api/1.7.36/slf4j-api-1.7.36.jar:/Users/thekingzeineddine/.m2/repository/org/apache/xbean/xbean-finder-shaded/4.22/xbean-finder-shaded-4.22.jar:/Users/thekingzeineddine/.m2/repository/org/apache/tomee/tomee-juli/9.0.0/tomee-juli-9.0.0.jar:/Users/thekingzeineddine/.m2/repository/org/apache/tomcat/tomcat-juli/10.0.27/tomcat-juli-10.0.27.jar:/Users/thekingzeineddine/.m2/repository/org/apache/tomee/tomee-catalina/9.0.0/tomee-catalina-9.0.0.jar:/Users/thekingzeineddine/.m2/repository/org/apache/tomee/openejb-api/9.0.0/openejb-api-9.0.0.jar:/Users/thekingzeineddine/.m2/repository/org/apache/tomee/tomee-config/9.0.0/tomee-config-9.0.0.jar:/Users/thekingzeineddine/.m2/repository/org/apache/tomee/tomee-jdbc/9.0.0/tomee-jdbc-9.0.0.jar:/Users/thekingzeineddine/.m2/repository/org/apache/geronimo/components/geronimo-transaction/3.1.5/geronimo-transaction-3.1.5-jakarta.jar:/Users/thekingzeineddine/.m2/repository/org/apache/tomee/tomee-common/9.0.0/tomee-common-9.0.0.jar:/Users/thekingzeineddine/.m2/repository/org/apache/tomee/openejb-jpa-integration/9.0.0/openejb-jpa-integration-9.0.0.jar:/Users/thekingzeineddine/.m2/repository/org/codehaus/swizzle/swizzle-stream/1.6.2/swizzle-stream-1.6.2.jar:/Users/thekingzeineddine/.m2/repository/org/apache/xbean/xbean-naming/4.22/xbean-naming-4.22.jar:/Users/thekingzeineddine/.m2/repository/org/apache/tomee/openejb-client/9.0.0/openejb-client-9.0.0.jar:/Users/thekingzeineddine/.m2/repository/org/apache/yoko/yoko-rmi-spec/1.4/yoko-rmi-spec-1.4.jar:/Users/thekingzeineddine/.m2/repository/org/apache/yoko/yoko-rmi-impl/1.4/yoko-rmi-impl-1.4.jar:/Users/thekingzeineddine/.m2/repository/org/apache/yoko/yoko-osgi/1.4/yoko-osgi-1.4.jar:/Users/thekingzeineddine/.m2/repository/org/apache/tomee/servicemix-bcel-shade/9.0.0/servicemix-bcel-shade-9.0.0.jar:/Users/thekingzeineddine/.m2/repository/org/apache/tomee/jakartaee-api/9.1-M2/jakartaee-api-9.1-M2-tomcat.jar:/Users/thekingzeineddine/.m2/repository/org/apache/tomee/openejb-rest/9.0.0/openejb-rest-9.0.0.jar:/Users/thekingzeineddine/.m2/repository/org/apache/tomee/openejb-server/9.0.0/openejb-server-9.0.0.jar:/Users/thekingzeineddine/.m2/repository/org/apache/xbean/xbean-asm9-shaded/4.22/xbean-asm9-shaded-4.22.jar:/Users/thekingzeineddine/.m2/repository/org/apache/xbean/xbean-reflect/4.22/xbean-reflect-4.22.jar:/Users/thekingzeineddine/.m2/repository/commons-cli/commons-cli/1.5.0/commons-cli-1.5.0.jar:/Users/thekingzeineddine/.m2/repository/org/apache/tomee/openejb-ejbd/9.0.0/openejb-ejbd-9.0.0.jar:/Users/thekingzeineddine/.m2/repository/org/apache/tomee/openejb-http/9.0.0/openejb-http-9.0.0.jar:/Users/thekingzeineddine/.m2/repository/org/apache/tomee/openejb-core/9.0.0/openejb-core-9.0.0.jar:/Users/thekingzeineddine/.m2/repository/org/apache/tomee/mbean-annotation-api/9.0.0/mbean-annotation-api-9.0.0.jar:/Users/thekingzeineddine/.m2/repository/org/apache/commons/commons-lang3/3.12.0/commons-lang3-3.12.0.jar:/Users/thekingzeineddine/.m2/repository/org/apache/tomee/openejb-javaagent/9.0.0/openejb-javaagent-9.0.0.jar:/Users/thekingzeineddine/.m2/repository/org/apache/tomee/openejb-jee-accessors/9.0.0/openejb-jee-accessors-9.0.0.jar:/Users/thekingzeineddine/.m2/repository/org/apache/tomee/sxc-shade/9.0.0/sxc-shade-9.0.0.jar:/Users/thekingzeineddine/.m2/repository/commons-collections/commons-collections/3.2.2/commons-collections-3.2.2.jar:/Users/thekingzeineddine/.m2/repository/org/apache/geronimo/components/geronimo-connector/3.1.5/geronimo-connector-3.1.5-jakarta.jar:/Users/thekingzeineddine/.m2/repository/org/objectweb/howl/howl/1.0.1-1/howl-1.0.1-1.jar:/Users/thekingzeineddine/.m2/repository/org/apache/geronimo/mail/geronimo-mail_2.1_provider/1.0.0/geronimo-mail_2.1_provider-1.0.0.jar:/Users/thekingzeineddine/.m2/repository/org/apache/geronimo/specs/geronimo-mail_2.1_spec/1.0.0-M1/geronimo-mail_2.1_spec-1.0.0-M1.jar:/Users/thekingzeineddine/.m2/repository/org/apache/xbean/xbean-bundleutils/4.22/xbean-bundleutils-4.22.jar:/Users/thekingzeineddine/.m2/repository/org/hsqldb/hsqldb/2.7.1/hsqldb-2.7.1.jar:/Users/thekingzeineddine/.m2/repository/org/apache/tomee/commons-dbcp2-shade/9.0.0/commons-dbcp2-shade-9.0.0.jar:/Users/thekingzeineddine/.m2/repository/org/apache/commons/commons-dbcp2/2.9.0/commons-dbcp2-2.9.0.jar:/Users/thekingzeineddine/.m2/repository/org/apache/commons/commons-pool2/2.11.1/commons-pool2-2.11.1.jar:/Users/thekingzeineddine/.m2/repository/commons-logging/commons-logging/1.2/commons-logging-1.2.jar:/Users/thekingzeineddine/.m2/repository/org/apache/openejb/shade/quartz-openejb-shade/2.2.4/quartz-openejb-shade-2.2.4.jar:/Users/thekingzeineddine/.m2/repository/org/slf4j/slf4j-jdk14/1.7.36/slf4j-jdk14-1.7.36.jar:/Users/thekingzeineddine/.m2/repository/org/apache/openwebbeans/openwebbeans-el22/2.0.27/openwebbeans-el22-2.0.27-jakarta.jar:/Users/thekingzeineddine/.m2/repository/org/apache/openwebbeans/openwebbeans-ejb/2.0.27/openwebbeans-ejb-2.0.27-jakarta.jar:/Users/thekingzeineddine/.m2/repository/org/apache/openwebbeans/openwebbeans-ee/2.0.27/openwebbeans-ee-2.0.27-jakarta.jar:/Users/thekingzeineddine/.m2/repository/org/apache/openwebbeans/openwebbeans-ee-common/2.0.27/openwebbeans-ee-common-2.0.27-jakarta.jar:/Users/thekingzeineddine/.m2/repository/org/apache/openjpa/openjpa/3.2.2/openjpa-3.2.2-jakarta.jar:/Users/thekingzeineddine/.m2/repository/net/sourceforge/serp/serp/1.15.1/serp-1.15.1.jar:/Users/thekingzeineddine/.m2/repository/org/apache/bval/bval-jsr/2.0.6/bval-jsr-2.0.6-jakarta.jar:/Users/thekingzeineddine/.m2/repository/org/apache/yoko/yoko-spec-corba/1.4/yoko-spec-corba-1.4.jar:/Users/thekingzeineddine/.m2/repository/org/apache/tomee/openejb-cxf-rs/9.0.0/openejb-cxf-rs-9.0.0.jar:/Users/thekingzeineddine/.m2/repository/org/apache/tomee/cxf-shade/9.0.0/cxf-shade-9.0.0.jar:/Users/thekingzeineddine/.m2/repository/org/apache/ws/xmlschema/xmlschema-core/2.2.5/xmlschema-core-2.2.5.jar:/Users/thekingzeineddine/.m2/repository/com/fasterxml/woodstox/woodstox-core/6.4.0/woodstox-core-6.4.0.jar:/Users/thekingzeineddine/.m2/repository/org/codehaus/woodstox/stax2-api/4.2.1/stax2-api-4.2.1.jar:/Users/thekingzeineddine/.m2/repository/wsdl4j/wsdl4j/1.6.3/wsdl4j-1.6.3.jar:/Users/thekingzeineddine/.m2/repository/org/reactivestreams/reactive-streams/1.0.3/reactive-streams-1.0.3.jar:/Users/thekingzeineddine/.m2/repository/org/apache/neethi/neethi/3.0.3/neethi-3.0.3.jar:/Users/thekingzeineddine/.m2/repository/com/sun/xml/messaging/saaj/saaj-impl/1.5.3/saaj-impl-1.5.3.jar:/Users/thekingzeineddine/.m2/repository/jakarta/xml/soap/jakarta.xml.soap-api/1.4.2/jakarta.xml.soap-api-1.4.2.jar:/Users/thekingzeineddine/.m2/repository/org/jvnet/staxex/stax-ex/1.8.3/stax-ex-1.8.3.jar:/Users/thekingzeineddine/.m2/repository/org/apache/tomee/openejb-cxf-transport/9.0.0/openejb-cxf-transport-9.0.0.jar:/Users/thekingzeineddine/.m2/repository/org/apache/openwebbeans/openwebbeans-spi/2.0.27/openwebbeans-spi-2.0.27-jakarta.jar:/Users/thekingzeineddine/.m2/repository/org/apache/openwebbeans/openwebbeans-impl/2.0.27/openwebbeans-impl-2.0.27-jakarta.jar:/Users/thekingzeineddine/.m2/repository/org/apache/openwebbeans/openwebbeans-web/2.0.27/openwebbeans-web-2.0.27-jakarta.jar:/Users/thekingzeineddine/.m2/repository/org/apache/johnzon/johnzon-jaxrs/1.2.19/johnzon-jaxrs-1.2.19-jakarta.jar:/Users/thekingzeineddine/.m2/repository/org/apache/johnzon/johnzon-jsonb/1.2.19/johnzon-jsonb-1.2.19-jakarta.jar:/Users/thekingzeineddine/.m2/repository/org/apache/johnzon/johnzon-core/1.2.19/johnzon-core-1.2.19-jakarta.jar:/Users/thekingzeineddine/.m2/repository/org/apache/johnzon/johnzon-mapper/1.2.19/johnzon-mapper-1.2.19-jakarta.jar:/Users/thekingzeineddine/.m2/repository/org/apache/tomee/ziplock/9.0.0/ziplock-9.0.0.jar:/Users/thekingzeineddine/.m2/repository/org/jboss/shrinkwrap/shrinkwrap-api/1.2.6/shrinkwrap-api-1.2.6.jar:/Users/thekingzeineddine/.m2/repository/org/apache/tomee/openejb-jee/9.0.0/openejb-jee-9.0.0.jar:/Users/thekingzeineddine/.m2/repository/org/apache/tomee/jakartaee-api/9.1-M2/jakartaee-api-9.1-M2.jar:/Users/thekingzeineddine/.m2/repository/org/apache/maven/plugins/maven-source-plugin/3.2.1/maven-source-plugin-3.2.1.jar:/Users/thekingzeineddine/.m2/repository/org/apache/maven/maven-model/3.0/maven-model-3.0.jar:/Users/thekingzeineddine/.m2/repository/org/apache/maven/maven-plugin-api/3.0/maven-plugin-api-3.0.jar:/Users/thekingzeineddine/.m2/repository/org/apache/maven/maven-artifact/3.0/maven-artifact-3.0.jar:/Users/thekingzeineddine/.m2/repository/org/sonatype/sisu/sisu-inject-plexus/1.4.2/sisu-inject-plexus-1.4.2.jar:/Users/thekingzeineddine/.m2/repository/org/sonatype/sisu/sisu-inject-bean/1.4.2/sisu-inject-bean-1.4.2.jar:/Users/thekingzeineddine/.m2/repository/org/sonatype/sisu/sisu-guice/2.1.7/sisu-guice-2.1.7-noaop.jar:/Users/thekingzeineddine/.m2/repository/org/apache/maven/maven-core/3.0/maven-core-3.0.jar:/Users/thekingzeineddine/.m2/repository/org/apache/maven/maven-settings/3.0/maven-settings-3.0.jar:/Users/thekingzeineddine/.m2/repository/org/apache/maven/maven-settings-builder/3.0/maven-settings-builder-3.0.jar:/Users/thekingzeineddine/.m2/repository/org/apache/maven/maven-repository-metadata/3.0/maven-repository-metadata-3.0.jar:/Users/thekingzeineddine/.m2/repository/org/apache/maven/maven-model-builder/3.0/maven-model-builder-3.0.jar:/Users/thekingzeineddine/.m2/repository/org/apache/maven/maven-aether-provider/3.0/maven-aether-provider-3.0.jar:/Users/thekingzeineddine/.m2/repository/org/sonatype/aether/aether-impl/1.7/aether-impl-1.7.jar:/Users/thekingzeineddine/.m2/repository/org/sonatype/aether/aether-spi/1.7/aether-spi-1.7.jar:/Users/thekingzeineddine/.m2/repository/org/sonatype/aether/aether-api/1.7/aether-api-1.7.jar:/Users/thekingzeineddine/.m2/repository/org/sonatype/aether/aether-util/1.7/aether-util-1.7.jar:/Users/thekingzeineddine/.m2/repository/org/codehaus/plexus/plexus-interpolation/1.14/plexus-interpolation-1.14.jar:/Users/thekingzeineddine/.m2/repository/org/codehaus/plexus/plexus-classworlds/2.2.3/plexus-classworlds-2.2.3.jar:/Users/thekingzeineddine/.m2/repository/org/codehaus/plexus/plexus-component-annotations/1.5.5/plexus-component-annotations-1.5.5.jar:/Users/thekingzeineddine/.m2/repository/org/sonatype/plexus/plexus-sec-dispatcher/1.3/plexus-sec-dispatcher-1.3.jar:/Users/thekingzeineddine/.m2/repository/org/sonatype/plexus/plexus-cipher/1.4/plexus-cipher-1.4.jar:/Users/thekingzeineddine/.m2/repository/org/apache/maven/maven-archiver/3.5.0/maven-archiver-3.5.0.jar:/Users/thekingzeineddine/.m2/repository/org/apache/maven/shared/maven-shared-utils/3.2.1/maven-shared-utils-3.2.1.jar:/Users/thekingzeineddine/.m2/repository/commons-io/commons-io/2.5/commons-io-2.5.jar:/Users/thekingzeineddine/.m2/repository/org/codehaus/plexus/plexus-archiver/4.2.1/plexus-archiver-4.2.1.jar:/Users/thekingzeineddine/.m2/repository/org/codehaus/plexus/plexus-io/3.2.0/plexus-io-3.2.0.jar:/Users/thekingzeineddine/.m2/repository/org/apache/commons/commons-compress/1.19/commons-compress-1.19.jar:/Users/thekingzeineddine/.m2/repository/org/iq80/snappy/snappy/0.4/snappy-0.4.jar:/Users/thekingzeineddine/.m2/repository/org/tukaani/xz/1.8/xz-1.8.jar:/Users/thekingzeineddine/.m2/repository/org/codehaus/plexus/plexus-utils/3.3.0/plexus-utils-3.3.0.jar:/Users/thekingzeineddine/.m2/repository/org/jacoco/jacoco-maven-plugin/0.8.8/jacoco-maven-plugin-0.8.8.jar:/Users/thekingzeineddine/.m2/repository/org/apache/maven/shared/file-management/1.2.1/file-management-1.2.1.jar:/Users/thekingzeineddine/.m2/repository/org/apache/maven/shared/maven-shared-io/1.1/maven-shared-io-1.1.jar:/Users/thekingzeineddine/.m2/repository/org/apache/maven/maven-artifact-manager/2.0.2/maven-artifact-manager-2.0.2.jar:/Users/thekingzeineddine/.m2/repository/org/apache/maven/wagon/wagon-provider-api/1.0-alpha-6/wagon-provider-api-1.0-alpha-6.jar:/Users/thekingzeineddine/.m2/repository/org/codehaus/plexus/plexus-container-default/1.0-alpha-9/plexus-container-default-1.0-alpha-9.jar:/Users/thekingzeineddine/.m2/repository/classworlds/classworlds/1.1-alpha-2/classworlds-1.1-alpha-2.jar:/Users/thekingzeineddine/.m2/repository/org/apache/maven/reporting/maven-reporting-api/3.0/maven-reporting-api-3.0.jar:/Users/thekingzeineddine/.m2/repository/org/apache/maven/doxia/doxia-sink-api/1.0/doxia-sink-api-1.0.jar:/Users/thekingzeineddine/.m2/repository/org/jacoco/org.jacoco.agent/0.8.8/org.jacoco.agent-0.8.8-runtime.jar:/Users/thekingzeineddine/.m2/repository/org/jacoco/org.jacoco.core/0.8.8/org.jacoco.core-0.8.8.jar:/Users/thekingzeineddine/.m2/repository/org/ow2/asm/asm/9.2/asm-9.2.jar:/Users/thekingzeineddine/.m2/repository/org/ow2/asm/asm-commons/9.2/asm-commons-9.2.jar:/Users/thekingzeineddine/.m2/repository/org/ow2/asm/asm-analysis/9.2/asm-analysis-9.2.jar:/Users/thekingzeineddine/.m2/repository/org/ow2/asm/asm-tree/9.2/asm-tree-9.2.jar:/Users/thekingzeineddine/.m2/repository/org/jacoco/org.jacoco.report/0.8.8/org.jacoco.report-0.8.8.jar:"/>
    <property name="java.vm.vendor" value="Homebrew"/>
    <property name="sun.arch.data.model" value="64"/>
    <property name="java.vendor.url" value="https://github.com/Homebrew/homebrew-core/issues"/>
    <property name="os.name" value="Mac OS X"/>
    <property name="java.vm.specification.version" value="19"/>
    <property name="sun.java.launcher" value="SUN_STANDARD"/>
    <property name="user.country" value="FR"/>
    <property name="sun.boot.library.path" value="/usr/local/Cellar/openjdk/19.0.2/libexec/openjdk.jdk/Contents/Home/lib"/>
    <property name="sun.java.command" value="/Users/thekingzeineddine/eclipse-workspace/familio/target/surefire/surefirebooter-20230225133401884_3.jar /Users/thekingzeineddine/eclipse-workspace/familio/target/surefire 2023-02-25T13-34-01_696-jvmRun1 surefire-20230225133401884_1tmp surefire_0-20230225133401884_2tmp"/>
    <property name="http.nonProxyHosts" value="local|*.local|169.254/16|*.169.254/16"/>
    <property name="jdk.debug" value="release"/>
    <property name="surefire.test.class.path" value="/Users/thekingzeineddine/eclipse-workspace/familio/target/test-classes:/Users/thekingzeineddine/eclipse-workspace/familio/target/classes:/Users/thekingzeineddine/.m2/repository/jakarta/platform/jakarta.jakartaee-api/9.0.0/jakarta.jakartaee-api-9.0.0.jar:/Users/thekingzeineddine/.m2/repository/org/hibernate/orm/hibernate-core/6.1.6.Final/hibernate-core-6.1.6.Final.jar:/Users/thekingzeineddine/.m2/repository/jakarta/persistence/jakarta.persistence-api/3.0.0/jakarta.persistence-api-3.0.0.jar:/Users/thekingzeineddine/.m2/repository/jakarta/transaction/jakarta.transaction-api/2.0.0/jakarta.transaction-api-2.0.0.jar:/Users/thekingzeineddine/.m2/repository/org/jboss/logging/jboss-logging/3.4.3.Final/jboss-logging-3.4.3.Final.jar:/Users/thekingzeineddine/.m2/repository/org/hibernate/common/hibernate-commons-annotations/6.0.2.Final/hibernate-commons-annotations-6.0.2.Final.jar:/Users/thekingzeineddine/.m2/repository/org/jboss/jandex/2.4.2.Final/jandex-2.4.2.Final.jar:/Users/thekingzeineddine/.m2/repository/com/fasterxml/classmate/1.5.1/classmate-1.5.1.jar:/Users/thekingzeineddine/.m2/repository/net/bytebuddy/byte-buddy/1.12.18/byte-buddy-1.12.18.jar:/Users/thekingzeineddine/.m2/repository/jakarta/xml/bind/jakarta.xml.bind-api/3.0.1/jakarta.xml.bind-api-3.0.1.jar:/Users/thekingzeineddine/.m2/repository/com/sun/activation/jakarta.activation/2.0.1/jakarta.activation-2.0.1.jar:/Users/thekingzeineddine/.m2/repository/org/glassfish/jaxb/jaxb-runtime/3.0.2/jaxb-runtime-3.0.2.jar:/Users/thekingzeineddine/.m2/repository/org/glassfish/jaxb/jaxb-core/3.0.2/jaxb-core-3.0.2.jar:/Users/thekingzeineddine/.m2/repository/org/glassfish/jaxb/txw2/3.0.2/txw2-3.0.2.jar:/Users/thekingzeineddine/.m2/repository/com/sun/istack/istack-commons-runtime/4.0.1/istack-commons-runtime-4.0.1.jar:/Users/thekingzeineddine/.m2/repository/jakarta/inject/jakarta.inject-api/2.0.0/jakarta.inject-api-2.0.0.jar:/Users/thekingzeineddine/.m2/repository/org/antlr/antlr4-runtime/4.10.1/antlr4-runtime-4.10.1.jar:/Users/thekingzeineddine/.m2/repository/org/postgresql/postgresql/42.3.8/postgresql-42.3.8.jar:/Users/thekingzeineddine/.m2/repository/org/checkerframework/checker-qual/3.5.0/checker-qual-3.5.0.jar:/Users/thekingzeineddine/.m2/repository/junit/junit/4.11/junit-4.11.jar:/Users/thekingzeineddine/.m2/repository/org/hamcrest/hamcrest-core/1.3/hamcrest-core-1.3.jar:/Users/thekingzeineddine/.m2/repository/org/assertj/assertj-core/3.21.0/assertj-core-3.21.0.jar:/Users/thekingzeineddine/.m2/repository/io/vavr/vavr/0.10.4/vavr-0.10.4.jar:/Users/thekingzeineddine/.m2/repository/io/vavr/vavr-match/0.10.4/vavr-match-0.10.4.jar:/Users/thekingzeineddine/.m2/repository/org/apache/tomee/tomee-jaxrs/9.0.0/tomee-jaxrs-9.0.0.jar:/Users/thekingzeineddine/.m2/repository/org/apache/tomee/tomee-loader/9.0.0/tomee-loader-9.0.0.jar:/Users/thekingzeineddine/.m2/repository/org/apache/tomee/openejb-loader/9.0.0/openejb-loader-9.0.0.jar:/Users/thekingzeineddine/.m2/repository/org/slf4j/slf4j-api/1.7.36/slf4j-api-1.7.36.jar:/Users/thekingzeineddine/.m2/repository/org/apache/xbean/xbean-finder-shaded/4.22/xbean-finder-shaded-4.22.jar:/Users/thekingzeineddine/.m2/repository/org/apache/tomee/tomee-juli/9.0.0/tomee-juli-9.0.0.jar:/Users/thekingzeineddine/.m2/repository/org/apache/tomcat/tomcat-juli/10.0.27/tomcat-juli-10.0.27.jar:/Users/thekingzeineddine/.m2/repository/org/apache/tomee/tomee-catalina/9.0.0/tomee-catalina-9.0.0.jar:/Users/thekingzeineddine/.m2/repository/org/apache/tomee/openejb-api/9.0.0/openejb-api-9.0.0.jar:/Users/thekingzeineddine/.m2/repository/org/apache/tomee/tomee-config/9.0.0/tomee-config-9.0.0.jar:/Users/thekingzeineddine/.m2/repository/org/apache/tomee/tomee-jdbc/9.0.0/tomee-jdbc-9.0.0.jar:/Users/thekingzeineddine/.m2/repository/org/apache/geronimo/components/geronimo-transaction/3.1.5/geronimo-transaction-3.1.5-jakarta.jar:/Users/thekingzeineddine/.m2/repository/org/apache/tomee/tomee-common/9.0.0/tomee-common-9.0.0.jar:/Users/thekingzeineddine/.m2/repository/org/apache/tomee/openejb-jpa-integration/9.0.0/openejb-jpa-integration-9.0.0.jar:/Users/thekingzeineddine/.m2/repository/org/codehaus/swizzle/swizzle-stream/1.6.2/swizzle-stream-1.6.2.jar:/Users/thekingzeineddine/.m2/repository/org/apache/xbean/xbean-naming/4.22/xbean-naming-4.22.jar:/Users/thekingzeineddine/.m2/repository/org/apache/tomee/openejb-client/9.0.0/openejb-client-9.0.0.jar:/Users/thekingzeineddine/.m2/repository/org/apache/yoko/yoko-rmi-spec/1.4/yoko-rmi-spec-1.4.jar:/Users/thekingzeineddine/.m2/repository/org/apache/yoko/yoko-rmi-impl/1.4/yoko-rmi-impl-1.4.jar:/Users/thekingzeineddine/.m2/repository/org/apache/yoko/yoko-osgi/1.4/yoko-osgi-1.4.jar:/Users/thekingzeineddine/.m2/repository/org/apache/tomee/servicemix-bcel-shade/9.0.0/servicemix-bcel-shade-9.0.0.jar:/Users/thekingzeineddine/.m2/repository/org/apache/tomee/jakartaee-api/9.1-M2/jakartaee-api-9.1-M2-tomcat.jar:/Users/thekingzeineddine/.m2/repository/org/apache/tomee/openejb-rest/9.0.0/openejb-rest-9.0.0.jar:/Users/thekingzeineddine/.m2/repository/org/apache/tomee/openejb-server/9.0.0/openejb-server-9.0.0.jar:/Users/thekingzeineddine/.m2/repository/org/apache/xbean/xbean-asm9-shaded/4.22/xbean-asm9-shaded-4.22.jar:/Users/thekingzeineddine/.m2/repository/org/apache/xbean/xbean-reflect/4.22/xbean-reflect-4.22.jar:/Users/thekingzeineddine/.m2/repository/commons-cli/commons-cli/1.5.0/commons-cli-1.5.0.jar:/Users/thekingzeineddine/.m2/repository/org/apache/tomee/openejb-ejbd/9.0.0/openejb-ejbd-9.0.0.jar:/Users/thekingzeineddine/.m2/repository/org/apache/tomee/openejb-http/9.0.0/openejb-http-9.0.0.jar:/Users/thekingzeineddine/.m2/repository/org/apache/tomee/openejb-core/9.0.0/openejb-core-9.0.0.jar:/Users/thekingzeineddine/.m2/repository/org/apache/tomee/mbean-annotation-api/9.0.0/mbean-annotation-api-9.0.0.jar:/Users/thekingzeineddine/.m2/repository/org/apache/commons/commons-lang3/3.12.0/commons-lang3-3.12.0.jar:/Users/thekingzeineddine/.m2/repository/org/apache/tomee/openejb-javaagent/9.0.0/openejb-javaagent-9.0.0.jar:/Users/thekingzeineddine/.m2/repository/org/apache/tomee/openejb-jee-accessors/9.0.0/openejb-jee-accessors-9.0.0.jar:/Users/thekingzeineddine/.m2/repository/org/apache/tomee/sxc-shade/9.0.0/sxc-shade-9.0.0.jar:/Users/thekingzeineddine/.m2/repository/commons-collections/commons-collections/3.2.2/commons-collections-3.2.2.jar:/Users/thekingzeineddine/.m2/repository/org/apache/geronimo/components/geronimo-connector/3.1.5/geronimo-connector-3.1.5-jakarta.jar:/Users/thekingzeineddine/.m2/repository/org/objectweb/howl/howl/1.0.1-1/howl-1.0.1-1.jar:/Users/thekingzeineddine/.m2/repository/org/apache/geronimo/mail/geronimo-mail_2.1_provider/1.0.0/geronimo-mail_2.1_provider-1.0.0.jar:/Users/thekingzeineddine/.m2/repository/org/apache/geronimo/specs/geronimo-mail_2.1_spec/1.0.0-M1/geronimo-mail_2.1_spec-1.0.0-M1.jar:/Users/thekingzeineddine/.m2/repository/org/apache/xbean/xbean-bundleutils/4.22/xbean-bundleutils-4.22.jar:/Users/thekingzeineddine/.m2/repository/org/hsqldb/hsqldb/2.7.1/hsqldb-2.7.1.jar:/Users/thekingzeineddine/.m2/repository/org/apache/tomee/commons-dbcp2-shade/9.0.0/commons-dbcp2-shade-9.0.0.jar:/Users/thekingzeineddine/.m2/repository/org/apache/commons/commons-dbcp2/2.9.0/commons-dbcp2-2.9.0.jar:/Users/thekingzeineddine/.m2/repository/org/apache/commons/commons-pool2/2.11.1/commons-pool2-2.11.1.jar:/Users/thekingzeineddine/.m2/repository/commons-logging/commons-logging/1.2/commons-logging-1.2.jar:/Users/thekingzeineddine/.m2/repository/org/apache/openejb/shade/quartz-openejb-shade/2.2.4/quartz-openejb-shade-2.2.4.jar:/Users/thekingzeineddine/.m2/repository/org/slf4j/slf4j-jdk14/1.7.36/slf4j-jdk14-1.7.36.jar:/Users/thekingzeineddine/.m2/repository/org/apache/openwebbeans/openwebbeans-el22/2.0.27/openwebbeans-el22-2.0.27-jakarta.jar:/Users/thekingzeineddine/.m2/repository/org/apache/openwebbeans/openwebbeans-ejb/2.0.27/openwebbeans-ejb-2.0.27-jakarta.jar:/Users/thekingzeineddine/.m2/repository/org/apache/openwebbeans/openwebbeans-ee/2.0.27/openwebbeans-ee-2.0.27-jakarta.jar:/Users/thekingzeineddine/.m2/repository/org/apache/openwebbeans/openwebbeans-ee-common/2.0.27/openwebbeans-ee-common-2.0.27-jakarta.jar:/Users/thekingzeineddine/.m2/repository/org/apache/openjpa/openjpa/3.2.2/openjpa-3.2.2-jakarta.jar:/Users/thekingzeineddine/.m2/repository/net/sourceforge/serp/serp/1.15.1/serp-1.15.1.jar:/Users/thekingzeineddine/.m2/repository/org/apache/bval/bval-jsr/2.0.6/bval-jsr-2.0.6-jakarta.jar:/Users/thekingzeineddine/.m2/repository/org/apache/yoko/yoko-spec-corba/1.4/yoko-spec-corba-1.4.jar:/Users/thekingzeineddine/.m2/repository/org/apache/tomee/openejb-cxf-rs/9.0.0/openejb-cxf-rs-9.0.0.jar:/Users/thekingzeineddine/.m2/repository/org/apache/tomee/cxf-shade/9.0.0/cxf-shade-9.0.0.jar:/Users/thekingzeineddine/.m2/repository/org/apache/ws/xmlschema/xmlschema-core/2.2.5/xmlschema-core-2.2.5.jar:/Users/thekingzeineddine/.m2/repository/com/fasterxml/woodstox/woodstox-core/6.4.0/woodstox-core-6.4.0.jar:/Users/thekingzeineddine/.m2/repository/org/codehaus/woodstox/stax2-api/4.2.1/stax2-api-4.2.1.jar:/Users/thekingzeineddine/.m2/repository/wsdl4j/wsdl4j/1.6.3/wsdl4j-1.6.3.jar:/Users/thekingzeineddine/.m2/repository/org/reactivestreams/reactive-streams/1.0.3/reactive-streams-1.0.3.jar:/Users/thekingzeineddine/.m2/repository/org/apache/neethi/neethi/3.0.3/neethi-3.0.3.jar:/Users/thekingzeineddine/.m2/repository/com/sun/xml/messaging/saaj/saaj-impl/1.5.3/saaj-impl-1.5.3.jar:/Users/thekingzeineddine/.m2/repository/jakarta/xml/soap/jakarta.xml.soap-api/1.4.2/jakarta.xml.soap-api-1.4.2.jar:/Users/thekingzeineddine/.m2/repository/org/jvnet/staxex/stax-ex/1.8.3/stax-ex-1.8.3.jar:/Users/thekingzeineddine/.m2/repository/org/apache/tomee/openejb-cxf-transport/9.0.0/openejb-cxf-transport-9.0.0.jar:/Users/thekingzeineddine/.m2/repository/org/apache/openwebbeans/openwebbeans-spi/2.0.27/openwebbeans-spi-2.0.27-jakarta.jar:/Users/thekingzeineddine/.m2/repository/org/apache/openwebbeans/openwebbeans-impl/2.0.27/openwebbeans-impl-2.0.27-jakarta.jar:/Users/thekingzeineddine/.m2/repository/org/apache/openwebbeans/openwebbeans-web/2.0.27/openwebbeans-web-2.0.27-jakarta.jar:/Users/thekingzeineddine/.m2/repository/org/apache/johnzon/johnzon-jaxrs/1.2.19/johnzon-jaxrs-1.2.19-jakarta.jar:/Users/thekingzeineddine/.m2/repository/org/apache/johnzon/johnzon-jsonb/1.2.19/johnzon-jsonb-1.2.19-jakarta.jar:/Users/thekingzeineddine/.m2/repository/org/apache/johnzon/johnzon-core/1.2.19/johnzon-core-1.2.19-jakarta.jar:/Users/thekingzeineddine/.m2/repository/org/apache/johnzon/johnzon-mapper/1.2.19/johnzon-mapper-1.2.19-jakarta.jar:/Users/thekingzeineddine/.m2/repository/org/apache/tomee/ziplock/9.0.0/ziplock-9.0.0.jar:/Users/thekingzeineddine/.m2/repository/org/jboss/shrinkwrap/shrinkwrap-api/1.2.6/shrinkwrap-api-1.2.6.jar:/Users/thekingzeineddine/.m2/repository/org/apache/tomee/openejb-jee/9.0.0/openejb-jee-9.0.0.jar:/Users/thekingzeineddine/.m2/repository/org/apache/tomee/jakartaee-api/9.1-M2/jakartaee-api-9.1-M2.jar:/Users/thekingzeineddine/.m2/repository/org/apache/maven/plugins/maven-source-plugin/3.2.1/maven-source-plugin-3.2.1.jar:/Users/thekingzeineddine/.m2/repository/org/apache/maven/maven-model/3.0/maven-model-3.0.jar:/Users/thekingzeineddine/.m2/repository/org/apache/maven/maven-plugin-api/3.0/maven-plugin-api-3.0.jar:/Users/thekingzeineddine/.m2/repository/org/apache/maven/maven-artifact/3.0/maven-artifact-3.0.jar:/Users/thekingzeineddine/.m2/repository/org/sonatype/sisu/sisu-inject-plexus/1.4.2/sisu-inject-plexus-1.4.2.jar:/Users/thekingzeineddine/.m2/repository/org/sonatype/sisu/sisu-inject-bean/1.4.2/sisu-inject-bean-1.4.2.jar:/Users/thekingzeineddine/.m2/repository/org/sonatype/sisu/sisu-guice/2.1.7/sisu-guice-2.1.7-noaop.jar:/Users/thekingzeineddine/.m2/repository/org/apache/maven/maven-core/3.0/maven-core-3.0.jar:/Users/thekingzeineddine/.m2/repository/org/apache/maven/maven-settings/3.0/maven-settings-3.0.jar:/Users/thekingzeineddine/.m2/repository/org/apache/maven/maven-settings-builder/3.0/maven-settings-builder-3.0.jar:/Users/thekingzeineddine/.m2/repository/org/apache/maven/maven-repository-metadata/3.0/maven-repository-metadata-3.0.jar:/Users/thekingzeineddine/.m2/repository/org/apache/maven/maven-model-builder/3.0/maven-model-builder-3.0.jar:/Users/thekingzeineddine/.m2/repository/org/apache/maven/maven-aether-provider/3.0/maven-aether-provider-3.0.jar:/Users/thekingzeineddine/.m2/repository/org/sonatype/aether/aether-impl/1.7/aether-impl-1.7.jar:/Users/thekingzeineddine/.m2/repository/org/sonatype/aether/aether-spi/1.7/aether-spi-1.7.jar:/Users/thekingzeineddine/.m2/repository/org/sonatype/aether/aether-api/1.7/aether-api-1.7.jar:/Users/thekingzeineddine/.m2/repository/org/sonatype/aether/aether-util/1.7/aether-util-1.7.jar:/Users/thekingzeineddine/.m2/repository/org/codehaus/plexus/plexus-interpolation/1.14/plexus-interpolation-1.14.jar:/Users/thekingzeineddine/.m2/repository/org/codehaus/plexus/plexus-classworlds/2.2.3/plexus-classworlds-2.2.3.jar:/Users/thekingzeineddine/.m2/repository/org/codehaus/plexus/plexus-component-annotations/1.5.5/plexus-component-annotations-1.5.5.jar:/Users/thekingzeineddine/.m2/repository/org/sonatype/plexus/plexus-sec-dispatcher/1.3/plexus-sec-dispatcher-1.3.jar:/Users/thekingzeineddine/.m2/repository/org/sonatype/plexus/plexus-cipher/1.4/plexus-cipher-1.4.jar:/Users/thekingzeineddine/.m2/repository/org/apache/maven/maven-archiver/3.5.0/maven-archiver-3.5.0.jar:/Users/thekingzeineddine/.m2/repository/org/apache/maven/shared/maven-shared-utils/3.2.1/maven-shared-utils-3.2.1.jar:/Users/thekingzeineddine/.m2/repository/commons-io/commons-io/2.5/commons-io-2.5.jar:/Users/thekingzeineddine/.m2/repository/org/codehaus/plexus/plexus-archiver/4.2.1/plexus-archiver-4.2.1.jar:/Users/thekingzeineddine/.m2/repository/org/codehaus/plexus/plexus-io/3.2.0/plexus-io-3.2.0.jar:/Users/thekingzeineddine/.m2/repository/org/apache/commons/commons-compress/1.19/commons-compress-1.19.jar:/Users/thekingzeineddine/.m2/repository/org/iq80/snappy/snappy/0.4/snappy-0.4.jar:/Users/thekingzeineddine/.m2/repository/org/tukaani/xz/1.8/xz-1.8.jar:/Users/thekingzeineddine/.m2/repository/org/codehaus/plexus/plexus-utils/3.3.0/plexus-utils-3.3.0.jar:/Users/thekingzeineddine/.m2/repository/org/jacoco/jacoco-maven-plugin/0.8.8/jacoco-maven-plugin-0.8.8.jar:/Users/thekingzeineddine/.m2/repository/org/apache/maven/shared/file-management/1.2.1/file-management-1.2.1.jar:/Users/thekingzeineddine/.m2/repository/org/apache/maven/shared/maven-shared-io/1.1/maven-shared-io-1.1.jar:/Users/thekingzeineddine/.m2/repository/org/apache/maven/maven-artifact-manager/2.0.2/maven-artifact-manager-2.0.2.jar:/Users/thekingzeineddine/.m2/repository/org/apache/maven/wagon/wagon-provider-api/1.0-alpha-6/wagon-provider-api-1.0-alpha-6.jar:/Users/thekingzeineddine/.m2/repository/org/codehaus/plexus/plexus-container-default/1.0-alpha-9/plexus-container-default-1.0-alpha-9.jar:/Users/thekingzeineddine/.m2/repository/classworlds/classworlds/1.1-alpha-2/classworlds-1.1-alpha-2.jar:/Users/thekingzeineddine/.m2/repository/org/apache/maven/reporting/maven-reporting-api/3.0/maven-reporting-api-3.0.jar:/Users/thekingzeineddine/.m2/repository/org/apache/maven/doxia/doxia-sink-api/1.0/doxia-sink-api-1.0.jar:/Users/thekingzeineddine/.m2/repository/org/jacoco/org.jacoco.agent/0.8.8/org.jacoco.agent-0.8.8-runtime.jar:/Users/thekingzeineddine/.m2/repository/org/jacoco/org.jacoco.core/0.8.8/org.jacoco.core-0.8.8.jar:/Users/thekingzeineddine/.m2/repository/org/ow2/asm/asm/9.2/asm-9.2.jar:/Users/thekingzeineddine/.m2/repository/org/ow2/asm/asm-commons/9.2/asm-commons-9.2.jar:/Users/thekingzeineddine/.m2/repository/org/ow2/asm/asm-analysis/9.2/asm-analysis-9.2.jar:/Users/thekingzeineddine/.m2/repository/org/ow2/asm/asm-tree/9.2/asm-tree-9.2.jar:/Users/thekingzeineddine/.m2/repository/org/jacoco/org.jacoco.report/0.8.8/org.jacoco.report-0.8.8.jar:"/>
    <property name="sun.cpu.endian" value="little"/>
    <property name="user.home" value="/Users/thekingzeineddine"/>
    <property name="user.language" value="fr"/>
    <property name="java.specification.vendor" value="Oracle Corporation"/>
    <property name="java.version.date" value="2023-01-17"/>
    <property name="java.home" value="/usr/local/Cellar/openjdk/19.0.2/libexec/openjdk.jdk/Contents/Home"/>
    <property name="file.separator" value="/"/>
    <property name="basedir" value="/Users/thekingzeineddine/eclipse-workspace/familio"/>
    <property name="java.vm.compressedOopsMode" value="Zero based"/>
    <property name="line.separator" value="&#10;"/>
    <property name="java.vm.specification.vendor" value="Oracle Corporation"/>
    <property name="java.specification.name" value="Java Platform API Specification"/>
    <property name="apple.awt.application.name" value="ForkedBooter"/>
    <property name="surefire.real.class.path" value="/Users/thekingzeineddine/eclipse-workspace/familio/target/surefire/surefirebooter-20230225133401884_3.jar"/>
    <property name="sun.management.compiler" value="HotSpot 64-Bit Tiered Compilers"/>
    <property name="ftp.nonProxyHosts" value="local|*.local|169.254/16|*.169.254/16"/>
    <property name="java.runtime.version" value="19.0.2"/>
    <property name="user.name" value="Zorane"/>
    <property name="stdout.encoding" value="UTF-8"/>
    <property name="path.separator" value=":"/>
    <property name="os.version" value="13.2.1"/>
    <property name="java.runtime.name" value="OpenJDK Runtime Environment"/>
    <property name="file.encoding" value="UTF-8"/>
    <property name="java.vm.name" value="OpenJDK 64-Bit Server VM"/>
    <property name="java.vendor.version" value="Homebrew"/>
    <property name="localRepository" value="/Users/thekingzeineddine/.m2/repository"/>
    <property name="java.vendor.url.bug" value="https://github.com/Homebrew/homebrew-core/issues"/>
    <property name="java.io.tmpdir" value="/var/folders/5b/2_s9glvn5dsgl065zyxbwk4m0000gn/T/"/>
    <property name="java.version" value="19.0.2"/>
    <property name="user.dir" value="/Users/thekingzeineddine/eclipse-workspace/familio"/>
    <property name="os.arch" value="x86_64"/>
    <property name="java.vm.specification.name" value="Java Virtual Machine Specification"/>
    <property name="native.encoding" value="UTF-8"/>
    <property name="java.library.path" value="/Users/thekingzeineddine/Library/Java/Extensions:/Library/Java/Extensions:/Network/Library/Java/Extensions:/System/Library/Java/Extensions:/usr/lib/java:."/>
    <property name="java.vm.info" value="mixed mode, sharing"/>
    <property name="stderr.encoding" value="UTF-8"/>
    <property name="java.vendor" value="Homebrew"/>
    <property name="java.vm.version" value="19.0.2"/>
    <property name="sun.io.unicode.encoding" value="UnicodeBig"/>
    <property name="socksNonProxyHosts" value="local|*.local|169.254/16|*.169.254/16"/>
    <property name="java.class.version" value="63.0"/>
  </properties>
  <testcase name="testAccountCreation" classname="jee.service.AccountServiceTests" time="7.856">
    <system-out><![CDATA[Hibernate: create table Account (id bigint not null, email varchar(255), name varchar(255), password varchar(255), status integer not null, primary key (id))
Hibernate: create table AccountGen (sequence_name varchar(255) not null, next_val bigint, primary key (sequence_name))
Hibernate: insert into AccountGen(sequence_name, next_val) values ('Photo',0)
Hibernate: insert into AccountGen(sequence_name, next_val) values ('Profile',0)
Hibernate: insert into AccountGen(sequence_name, next_val) values ('Account',0)
Hibernate: create table Photo (id bigint not null, date timestamp(6), latitude float(53) not null, longitude float(53) not null, name varchar(255), primary key (id))
Hibernate: create table Profile (id bigint not null, name varchar(255), password varchar(255), profileImage bytea, type integer not null, acc_id bigint, primary key (id))
Hibernate: create table Publication (id bigint not null, description varchar(255), latitude float(53) not null, longitude float(53) not null, publishDate timestamp(6), account_id bigint, profile_id bigint, primary key (id))
Hibernate: create table publication_photo (publication_id bigint not null, photo_id bigint not null)
Hibernate: create table SEQ_TABLE (sequence_name varchar(255) not null, next_val bigint, primary key (sequence_name))
Hibernate: insert into SEQ_TABLE(sequence_name, next_val) values ('Publication',0)
Hibernate: alter table if exists Profile add constraint FKjk5y2ty710vcgsqbh9aa4cq2h foreign key (acc_id) references Account
Hibernate: alter table if exists Publication add constraint FKaxd3gmihrdvkir2gjdk71gxps foreign key (account_id) references Account
Hibernate: alter table if exists Publication add constraint FK78nui4i7g22dy2nfsure003t5 foreign key (profile_id) references Profile
Hibernate: alter table if exists publication_photo add constraint FKrya6bmnxvqldqsjooa84fl0r foreign key (photo_id) references Photo
Hibernate: alter table if exists publication_photo add constraint FK4yasq2c3lmw5hpxnvmiullf5v foreign key (publication_id) references Publication
Hibernate: select tbl.next_val from AccountGen tbl where tbl.sequence_name=? for update of tbl
Hibernate: update AccountGen set next_val=?  where next_val=? and sequence_name=?
Hibernate: insert into Account (email, name, password, status, id) values (?, ?, ?, ?, ?)
Hibernate: select a1_0.id,a1_0.email,a1_0.name,a1_0.password,a1_0.status from Account a1_0 where a1_0.id=?
Hibernate: select a1_0.id,a1_0.email,a1_0.name,a1_0.password,a1_0.status from Account a1_0 where a1_0.id=?
Hibernate: select a1_0.id,a1_0.email,a1_0.name,a1_0.password,a1_0.status from Account a1_0
]]></system-out>
    <system-err><![CDATA[févr. 25, 2023 1:34:02 PM org.apache.openejb.util.LogStreamAsync run
INFOS: ********************************************************************************
févr. 25, 2023 1:34:02 PM org.apache.openejb.util.LogStreamAsync run
INFOS: OpenEJB http://tomee.apache.org/
févr. 25, 2023 1:34:02 PM org.apache.openejb.util.LogStreamAsync run
INFOS: Startup: Sat Feb 25 13:34:02 CET 2023
févr. 25, 2023 1:34:02 PM org.apache.openejb.util.LogStreamAsync run
INFOS: Copyright 1999-2021 (C) Apache TomEE Project, All Rights Reserved.
févr. 25, 2023 1:34:02 PM org.apache.openejb.util.LogStreamAsync run
INFOS: Version: 9.0.0
févr. 25, 2023 1:34:02 PM org.apache.openejb.util.LogStreamAsync run
INFOS: Build date: 20230103
févr. 25, 2023 1:34:02 PM org.apache.openejb.util.LogStreamAsync run
INFOS: Build time: 09:35
févr. 25, 2023 1:34:02 PM org.apache.openejb.util.LogStreamAsync run
INFOS: ********************************************************************************
févr. 25, 2023 1:34:02 PM org.apache.openejb.util.LogStreamAsync run
INFOS: openejb.home = /Users/thekingzeineddine/eclipse-workspace/familio
févr. 25, 2023 1:34:02 PM org.apache.openejb.util.LogStreamAsync run
INFOS: openejb.base = /Users/thekingzeineddine/eclipse-workspace/familio
févr. 25, 2023 1:34:02 PM org.apache.openejb.util.LogStreamAsync run
INFOS: Created new singletonService org.apache.openejb.cdi.ThreadSingletonServiceImpl@7a1234bf
févr. 25, 2023 1:34:02 PM org.apache.openejb.util.LogStreamAsync run
INFOS: Succeeded in installing singleton service
févr. 25, 2023 1:34:03 PM org.apache.openejb.util.LogStreamAsync run
INFOS: Using 'jakarta.ejb.embeddable.EJBContainer=true'
févr. 25, 2023 1:34:03 PM org.apache.openejb.util.LogStreamAsync run
INFOS: Cannot find the configuration file [conf/openejb.xml].  Will attempt to create one for the beans deployed.
févr. 25, 2023 1:34:03 PM org.apache.openejb.util.LogStreamAsync run
INFOS: Configuring Service(id=Default Security Service, type=SecurityService, provider-id=Default Security Service)
févr. 25, 2023 1:34:03 PM org.apache.openejb.util.LogStreamAsync run
INFOS: Configuring Service(id=Default Transaction Manager, type=TransactionManager, provider-id=Default Transaction Manager)
févr. 25, 2023 1:34:03 PM org.apache.openejb.util.LogStreamAsync run
INFOS: Configuring Service(id=test, type=Resource, provider-id=Default JDBC Database)
févr. 25, 2023 1:34:03 PM org.apache.openejb.util.LogStreamAsync run
INFOS: Creating TransactionManager(id=Default Transaction Manager)
févr. 25, 2023 1:34:03 PM org.apache.openejb.util.LogStreamAsync run
INFOS: Creating SecurityService(id=Default Security Service)
févr. 25, 2023 1:34:03 PM org.apache.openejb.util.LogStreamAsync run
INFOS: Creating Resource(id=test)
java.lang.instrument.IllegalClassFormatException: Error while instrumenting org/apache/tomee/jasper/TomEETldScanner with JaCoCo 0.8.8.202204050719/5dcf34a.
	at org.jacoco.agent.rt.internal_b6258fc.CoverageTransformer.transform(CoverageTransformer.java:94)
	at java.instrument/java.lang.instrument.ClassFileTransformer.transform(ClassFileTransformer.java:244)
	at java.instrument/sun.instrument.TransformerManager.transform(TransformerManager.java:188)
	at java.instrument/sun.instrument.InstrumentationImpl.transform(InstrumentationImpl.java:541)
	at java.base/java.lang.ClassLoader.defineClass1(Native Method)
	at java.base/java.lang.ClassLoader.defineClass(ClassLoader.java:1013)
	at java.base/java.security.SecureClassLoader.defineClass(SecureClassLoader.java:150)
	at java.base/jdk.internal.loader.BuiltinClassLoader.defineClass(BuiltinClassLoader.java:862)
	at java.base/jdk.internal.loader.BuiltinClassLoader.findClassOnClassPathOrNull(BuiltinClassLoader.java:760)
	at java.base/jdk.internal.loader.BuiltinClassLoader.loadClassOrNull(BuiltinClassLoader.java:681)
	at java.base/jdk.internal.loader.BuiltinClassLoader.loadClass(BuiltinClassLoader.java:639)
	at java.base/jdk.internal.loader.ClassLoaders$AppClassLoader.loadClass(ClassLoaders.java:188)
	at java.base/java.lang.ClassLoader.loadClass(ClassLoader.java:521)
	at java.base/java.lang.Class.forName0(Native Method)
	at java.base/java.lang.Class.forName(Class.java:495)
	at java.base/java.lang.Class.forName(Class.java:474)
	at org.apache.tomee.catalina.Warmup$2.run(Warmup.java:194)
Caused by: java.io.IOException: Error while instrumenting org/apache/tomee/jasper/TomEETldScanner with JaCoCo 0.8.8.202204050719/5dcf34a.
	at org.jacoco.agent.rt.internal_b6258fc.core.instr.Instrumenter.instrumentError(Instrumenter.java:161)
	at org.jacoco.agent.rt.internal_b6258fc.core.instr.Instrumenter.instrument(Instrumenter.java:111)
	at org.jacoco.agent.rt.internal_b6258fc.CoverageTransformer.transform(CoverageTransformer.java:92)
	... 16 more
Caused by: org.jacoco.agent.rt.internal_b6258fc.asm.MethodTooLargeException: Method too large: org/apache/tomee/jasper/TomEETldScanner.populateMyfacesAndJstlData ()V
	at org.jacoco.agent.rt.internal_b6258fc.asm.MethodWriter.computeMethodInfoSize(MethodWriter.java:2087)
	at org.jacoco.agent.rt.internal_b6258fc.asm.ClassWriter.toByteArray(ClassWriter.java:489)
	at org.jacoco.agent.rt.internal_b6258fc.core.instr.Instrumenter.instrument(Instrumenter.java:92)
	at org.jacoco.agent.rt.internal_b6258fc.core.instr.Instrumenter.instrument(Instrumenter.java:109)
	... 17 more
févr. 25, 2023 1:34:04 PM org.apache.openejb.util.LogStreamAsync run
INFOS: Inspecting classpath for applications: 24 urls. Consider adjusting your exclude/include.  Current settings: openejb.deployments.classpath.exclude='', openejb.deployments.classpath.include='.*'
févr. 25, 2023 1:34:05 PM org.apache.openejb.util.LogStreamAsync run
INFOS: Found EjbModule in classpath: /Users/thekingzeineddine/eclipse-workspace/familio/target/classes
févr. 25, 2023 1:34:05 PM org.apache.openejb.util.LogStreamAsync run
INFOS: Searched 24 classpath urls in 1127 milliseconds.  Average 46 milliseconds per url.
févr. 25, 2023 1:34:05 PM org.apache.openejb.util.LogStreamAsync run
INFOS: Beginning load: /Users/thekingzeineddine/eclipse-workspace/familio/target/classes
févr. 25, 2023 1:34:05 PM org.apache.openejb.util.LogStreamAsync run
INFOS: Configuring enterprise application: /Users/thekingzeineddine/eclipse-workspace/familio
févr. 25, 2023 1:34:05 PM org.apache.openejb.util.LogStreamAsync run
INFOS: Auto-deploying ejb AccountService: EjbDeployment(deployment-id=AccountService)
févr. 25, 2023 1:34:05 PM org.apache.openejb.util.LogStreamAsync run
INFOS: Auto-deploying ejb PublicationService: EjbDeployment(deployment-id=PublicationService)
févr. 25, 2023 1:34:05 PM org.apache.openejb.util.LogStreamAsync run
INFOS: Auto-deploying ejb InfoController: EjbDeployment(deployment-id=InfoController)
févr. 25, 2023 1:34:05 PM org.apache.openejb.util.LogStreamAsync run
INFOS: Auto-deploying ejb PublicationController: EjbDeployment(deployment-id=PublicationController)
févr. 25, 2023 1:34:05 PM org.apache.openejb.util.LogStreamAsync run
INFOS: Auto-deploying ejb PhotoController: EjbDeployment(deployment-id=PhotoController)
févr. 25, 2023 1:34:05 PM org.apache.openejb.util.LogStreamAsync run
INFOS: Auto-deploying ejb ProfileService: EjbDeployment(deployment-id=ProfileService)
févr. 25, 2023 1:34:05 PM org.apache.openejb.util.LogStreamAsync run
INFOS: Auto-deploying ejb AccountController: EjbDeployment(deployment-id=AccountController)
févr. 25, 2023 1:34:05 PM org.apache.openejb.util.LogStreamAsync run
INFOS: Auto-deploying ejb ProfileController: EjbDeployment(deployment-id=ProfileController)
févr. 25, 2023 1:34:05 PM org.apache.openejb.util.LogStreamAsync run
INFOS: Configuring Service(id=projet, type=Resource, provider-id=Default JDBC Database)
févr. 25, 2023 1:34:05 PM org.apache.openejb.util.LogStreamAsync run
INFOS: Creating Resource(id=projet)
févr. 25, 2023 1:34:05 PM org.apache.openejb.util.LogStreamAsync run
INFOS: Configuring Service(id=Default Stateless Container, type=Container, provider-id=Default Stateless Container)
févr. 25, 2023 1:34:05 PM org.apache.openejb.util.LogStreamAsync run
INFOS: Auto-creating a container for bean AccountService: Container(type=STATELESS, id=Default Stateless Container)
févr. 25, 2023 1:34:05 PM org.apache.openejb.util.LogStreamAsync run
INFOS: Creating Container(id=Default Stateless Container)
févr. 25, 2023 1:34:05 PM org.apache.openejb.util.LogStreamAsync run
INFOS: Auto-linking resource-ref 'openejb/Resource/projet' in bean AccountService to Resource(id=projet)
févr. 25, 2023 1:34:05 PM org.apache.openejb.util.LogStreamAsync run
INFOS: Auto-linking resource-ref 'openejb/Resource/projet' in bean PublicationService to Resource(id=projet)
févr. 25, 2023 1:34:05 PM org.apache.openejb.util.LogStreamAsync run
INFOS: Auto-linking resource-ref 'openejb/Resource/projet' in bean InfoController to Resource(id=projet)
févr. 25, 2023 1:34:05 PM org.apache.openejb.util.LogStreamAsync run
INFOS: Auto-linking resource-ref 'openejb/Resource/projet' in bean PublicationController to Resource(id=projet)
févr. 25, 2023 1:34:05 PM org.apache.openejb.util.LogStreamAsync run
INFOS: Auto-linking resource-ref 'openejb/Resource/projet' in bean PhotoController to Resource(id=projet)
févr. 25, 2023 1:34:05 PM org.apache.openejb.util.LogStreamAsync run
INFOS: Auto-linking resource-ref 'openejb/Resource/projet' in bean ProfileService to Resource(id=projet)
févr. 25, 2023 1:34:05 PM org.apache.openejb.util.LogStreamAsync run
INFOS: Auto-linking resource-ref 'openejb/Resource/projet' in bean AccountController to Resource(id=projet)
févr. 25, 2023 1:34:05 PM org.apache.openejb.util.LogStreamAsync run
INFOS: Auto-linking resource-ref 'openejb/Resource/projet' in bean ProfileController to Resource(id=projet)
févr. 25, 2023 1:34:05 PM org.apache.openejb.util.LogStreamAsync run
INFOS: Configuring Service(id=Default Managed Container, type=Container, provider-id=Default Managed Container)
févr. 25, 2023 1:34:05 PM org.apache.openejb.util.LogStreamAsync run
INFOS: Auto-creating a container for bean familio.Comp1686518257: Container(type=MANAGED, id=Default Managed Container)
févr. 25, 2023 1:34:05 PM org.apache.openejb.util.LogStreamAsync run
INFOS: Creating Container(id=Default Managed Container)
févr. 25, 2023 1:34:05 PM org.apache.openejb.util.LogStreamAsync run
INFOS: Using directory /var/folders/5b/2_s9glvn5dsgl065zyxbwk4m0000gn/T for stateful session passivation
févr. 25, 2023 1:34:05 PM org.apache.openejb.util.LogStreamAsync run
INFOS: Auto-linking resource-ref 'openejb/Resource/projet' in bean familio.Comp1686518257 to Resource(id=projet)
févr. 25, 2023 1:34:05 PM org.apache.openejb.util.LogStreamAsync run
INFOS: Auto-linking resource-ref 'openejb/Resource/projet' in bean jee.service.AccountServiceTests to Resource(id=projet)
févr. 25, 2023 1:34:05 PM org.apache.openejb.util.LogStreamAsync run
INFOS: Auto-linking resource-ref 'openejb/Resource/projet' in bean EjbModule1075540518.Comp554604318 to Resource(id=projet)
févr. 25, 2023 1:34:05 PM org.apache.openejb.util.LogStreamAsync run
INFOS: Configuring PersistenceUnit(name=projet, provider=org.hibernate.jpa.HibernatePersistenceProvider)
févr. 25, 2023 1:34:05 PM org.apache.openejb.util.LogStreamAsync run
INFOS: Auto-creating a Resource with id 'projetNonJta' of type 'DataSource' for 'projet'.
févr. 25, 2023 1:34:05 PM org.apache.openejb.util.LogStreamAsync run
INFOS: Configuring Service(id=projetNonJta, type=Resource, provider-id=projet)
févr. 25, 2023 1:34:05 PM org.apache.openejb.util.LogStreamAsync run
INFOS: Creating Resource(id=projetNonJta)
févr. 25, 2023 1:34:05 PM org.apache.openejb.util.LogStreamAsync run
INFOS: Adjusting PersistenceUnit projet <jta-data-source> to Resource ID 'projet' from 'jdbc/projet'
févr. 25, 2023 1:34:05 PM org.apache.openejb.util.LogStreamAsync run
INFOS: Adjusting PersistenceUnit projet <non-jta-data-source> to Resource ID 'projetNonJta' from 'null'
févr. 25, 2023 1:34:05 PM org.apache.openejb.util.LogStreamAsync run
INFOS: Enterprise application "/Users/thekingzeineddine/eclipse-workspace/familio" loaded.
févr. 25, 2023 1:34:05 PM org.apache.openejb.util.LogStreamAsync run
INFOS: Assembling app: /Users/thekingzeineddine/eclipse-workspace/familio
févr. 25, 2023 1:34:06 PM org.apache.openejb.util.LogStreamAsync run
INFOS: Jndi(name="java:global/familio/AccountService!jee.service.AccountService")
févr. 25, 2023 1:34:06 PM org.apache.openejb.util.LogStreamAsync run
INFOS: Jndi(name="java:global/familio/AccountService")
févr. 25, 2023 1:34:06 PM org.apache.openejb.util.LogStreamAsync run
INFOS: Jndi(name="java:global/familio/PublicationService!jee.service.PublicationService")
févr. 25, 2023 1:34:06 PM org.apache.openejb.util.LogStreamAsync run
INFOS: Jndi(name="java:global/familio/PublicationService")
févr. 25, 2023 1:34:06 PM org.apache.openejb.util.LogStreamAsync run
INFOS: Jndi(name="java:global/familio/InfoController!jee.controller.InfoController")
févr. 25, 2023 1:34:06 PM org.apache.openejb.util.LogStreamAsync run
INFOS: Jndi(name="java:global/familio/InfoController")
févr. 25, 2023 1:34:06 PM org.apache.openejb.util.LogStreamAsync run
INFOS: Jndi(name="java:global/familio/PublicationController!jee.controller.PublicationController")
févr. 25, 2023 1:34:06 PM org.apache.openejb.util.LogStreamAsync run
INFOS: Jndi(name="java:global/familio/PublicationController")
févr. 25, 2023 1:34:06 PM org.apache.openejb.util.LogStreamAsync run
INFOS: Jndi(name="java:global/familio/PhotoController!jee.controller.PhotoController")
févr. 25, 2023 1:34:06 PM org.apache.openejb.util.LogStreamAsync run
INFOS: Jndi(name="java:global/familio/PhotoController")
févr. 25, 2023 1:34:06 PM org.apache.openejb.util.LogStreamAsync run
INFOS: Jndi(name="java:global/familio/ProfileService!jee.service.ProfileService")
févr. 25, 2023 1:34:06 PM org.apache.openejb.util.LogStreamAsync run
INFOS: Jndi(name="java:global/familio/ProfileService")
févr. 25, 2023 1:34:06 PM org.apache.openejb.util.LogStreamAsync run
INFOS: Jndi(name="java:global/familio/AccountController!jee.controller.AccountController")
févr. 25, 2023 1:34:06 PM org.apache.openejb.util.LogStreamAsync run
INFOS: Jndi(name="java:global/familio/AccountController")
févr. 25, 2023 1:34:06 PM org.apache.openejb.util.LogStreamAsync run
INFOS: Jndi(name="java:global/familio/ProfileController!jee.controller.ProfileController")
févr. 25, 2023 1:34:06 PM org.apache.openejb.util.LogStreamAsync run
INFOS: Jndi(name="java:global/familio/ProfileController")
févr. 25, 2023 1:34:06 PM org.apache.openejb.util.LogStreamAsync run
INFOS: Existing thread singleton service in SystemInstance(): org.apache.openejb.cdi.ThreadSingletonServiceImpl@7a1234bf
févr. 25, 2023 1:34:06 PM org.apache.openejb.util.LogStreamAsync run
INFOS: Some Principal APIs could not be loaded: org.eclipse.microprofile.jwt.JsonWebToken out of org.eclipse.microprofile.jwt.JsonWebToken not found
févr. 25, 2023 1:34:06 PM org.apache.openejb.util.LogStreamAsync run
INFOS: OpenWebBeans Container is starting...
févr. 25, 2023 1:34:06 PM org.apache.webbeans.plugins.PluginLoader startUp
INFOS: Adding OpenWebBeansPlugin : [CdiPlugin]
févr. 25, 2023 1:34:06 PM org.apache.webbeans.config.BeansDeployer validateInjectionPoints
INFOS: All injection points were validated successfully.
févr. 25, 2023 1:34:06 PM org.apache.openejb.util.LogStreamAsync run
INFOS: OpenWebBeans Container has started, it took 356 ms.
févr. 25, 2023 1:34:06 PM org.apache.openejb.util.LogStreamAsync run
INFOS: Ignoring XML Configuration for validator org.apache.bval.jsr.ConfigurationImpl
févr. 25, 2023 1:34:06 PM org.apache.openejb.util.LogStreamAsync run
INFOS: Created Ejb(deployment-id=ProfileController, ejb-name=ProfileController, container=Default Stateless Container)
févr. 25, 2023 1:34:06 PM org.apache.openejb.util.LogStreamAsync run
INFOS: Created Ejb(deployment-id=PublicationController, ejb-name=PublicationController, container=Default Stateless Container)
févr. 25, 2023 1:34:06 PM org.apache.openejb.util.LogStreamAsync run
INFOS: Created Ejb(deployment-id=ProfileService, ejb-name=ProfileService, container=Default Stateless Container)
févr. 25, 2023 1:34:06 PM org.apache.openejb.util.LogStreamAsync run
INFOS: Created Ejb(deployment-id=PublicationService, ejb-name=PublicationService, container=Default Stateless Container)
févr. 25, 2023 1:34:06 PM org.apache.openejb.util.LogStreamAsync run
INFOS: Created Ejb(deployment-id=InfoController, ejb-name=InfoController, container=Default Stateless Container)
févr. 25, 2023 1:34:06 PM org.apache.openejb.util.LogStreamAsync run
INFOS: Created Ejb(deployment-id=AccountService, ejb-name=AccountService, container=Default Stateless Container)
févr. 25, 2023 1:34:06 PM org.apache.openejb.util.LogStreamAsync run
INFOS: Created Ejb(deployment-id=PhotoController, ejb-name=PhotoController, container=Default Stateless Container)
févr. 25, 2023 1:34:06 PM org.apache.openejb.util.LogStreamAsync run
INFOS: Created Ejb(deployment-id=AccountController, ejb-name=AccountController, container=Default Stateless Container)
févr. 25, 2023 1:34:06 PM org.apache.openejb.util.LogStreamAsync run
INFOS: Started Ejb(deployment-id=ProfileController, ejb-name=ProfileController, container=Default Stateless Container)
févr. 25, 2023 1:34:06 PM org.apache.openejb.util.LogStreamAsync run
INFOS: Started Ejb(deployment-id=PublicationController, ejb-name=PublicationController, container=Default Stateless Container)
févr. 25, 2023 1:34:06 PM org.apache.openejb.util.LogStreamAsync run
INFOS: Started Ejb(deployment-id=ProfileService, ejb-name=ProfileService, container=Default Stateless Container)
févr. 25, 2023 1:34:06 PM org.apache.openejb.util.LogStreamAsync run
INFOS: Started Ejb(deployment-id=PublicationService, ejb-name=PublicationService, container=Default Stateless Container)
févr. 25, 2023 1:34:06 PM org.apache.openejb.util.LogStreamAsync run
INFOS: Started Ejb(deployment-id=InfoController, ejb-name=InfoController, container=Default Stateless Container)
févr. 25, 2023 1:34:06 PM org.apache.openejb.util.LogStreamAsync run
INFOS: Started Ejb(deployment-id=AccountService, ejb-name=AccountService, container=Default Stateless Container)
févr. 25, 2023 1:34:06 PM org.apache.openejb.util.LogStreamAsync run
INFOS: Started Ejb(deployment-id=PhotoController, ejb-name=PhotoController, container=Default Stateless Container)
févr. 25, 2023 1:34:06 PM org.apache.openejb.util.LogStreamAsync run
INFOS: Started Ejb(deployment-id=AccountController, ejb-name=AccountController, container=Default Stateless Container)
févr. 25, 2023 1:34:06 PM org.apache.openejb.util.LogStreamAsync run
INFOS: Deployed Application(path=/Users/thekingzeineddine/eclipse-workspace/familio)
févr. 25, 2023 1:34:06 PM org.hibernate.jpa.internal.util.LogHelper logPersistenceUnitInformation
INFO: HHH000204: Processing PersistenceUnitInfo [name: projet]
févr. 25, 2023 1:34:06 PM org.hibernate.Version logVersion
INFO: HHH000412: Hibernate ORM core version 6.1.6.Final
févr. 25, 2023 1:34:07 PM org.hibernate.boot.internal.MetadataBuilderImpl$MetadataBuildingOptionsImpl lambda$new$1
WARN: HHH90000021: Encountered deprecated setting [javax.persistence.sharedCache.mode], use [jakarta.persistence.sharedCache.mode] instead
févr. 25, 2023 1:34:08 PM org.hibernate.engine.jdbc.dialect.internal.DialectFactoryImpl logSelectedDialect
INFO: HHH000400: Using dialect: org.hibernate.dialect.PostgreSQL95Dialect
févr. 25, 2023 1:34:08 PM org.hibernate.engine.jdbc.dialect.internal.DialectFactoryImpl logSelectedDialect
WARN: HHH90000026: PostgreSQL95Dialect has been deprecated; use org.hibernate.dialect.PostgreSQLDialect instead
févr. 25, 2023 1:34:08 PM org.hibernate.id.enhanced.TableGenerator determineDefaultSegmentValue
INFO: HHH000398: Explicit segment value for id generator [AccountGen.sequence_name] suggested; using default [Photo]
févr. 25, 2023 1:34:08 PM org.hibernate.id.enhanced.TableGenerator determineDefaultSegmentValue
INFO: HHH000398: Explicit segment value for id generator [AccountGen.sequence_name] suggested; using default [Profile]
févr. 25, 2023 1:34:08 PM org.hibernate.id.enhanced.TableGenerator determineDefaultSegmentValue
INFO: HHH000398: Explicit segment value for id generator [AccountGen.sequence_name] suggested; using default [Account]
févr. 25, 2023 1:34:08 PM org.hibernate.id.enhanced.TableGenerator determineDefaultSegmentValue
INFO: HHH000398: Explicit segment value for id generator [SEQ_TABLE.sequence_name] suggested; using default [Publication]
févr. 25, 2023 1:34:08 PM org.hibernate.engine.transaction.jta.platform.internal.JtaPlatformInitiator initiateService
INFO: HHH000490: Using JtaPlatform implementation: [org.apache.openejb.hibernate.OpenEJBJtaPlatform2]
févr. 25, 2023 1:34:09 PM org.apache.openejb.util.LogStreamAsync run
INFOS: PersistenceUnit(name=projet, provider=org.hibernate.jpa.HibernatePersistenceProvider) - provider time 3159ms
févr. 25, 2023 1:34:10 PM org.apache.openejb.util.LogStreamAsync run
INFOS: Undeploying app: /Users/thekingzeineddine/eclipse-workspace/familio
févr. 25, 2023 1:34:10 PM org.hibernate.resource.beans.container.spi.AbstractCdiBeanContainer stop
INFO: HHH10005004: Stopping BeanContainer : org.hibernate.resource.beans.container.internal.CdiBeanContainerImmediateAccessImpl@658e67e1
févr. 25, 2023 1:34:10 PM org.apache.openejb.util.LogStreamAsync run
INFOS: Closing DataSource: projet
févr. 25, 2023 1:34:10 PM org.apache.openejb.util.LogStreamAsync run
INFOS: Destroying OpenEJB container
févr. 25, 2023 1:34:10 PM org.apache.openejb.util.LogStreamAsync run
INFOS: Closing DataSource: projetNonJta
févr. 25, 2023 1:34:10 PM org.apache.openejb.util.LogStreamAsync run
INFOS: Closing DataSource: test
]]></system-err>
  </testcase>
  <testcase name="testDeleteAccount" classname="jee.service.AccountServiceTests" time="1.206">
    <system-out><![CDATA[Hibernate: select tbl.next_val from AccountGen tbl where tbl.sequence_name=? for update of tbl
Hibernate: update AccountGen set next_val=?  where next_val=? and sequence_name=?
Hibernate: insert into Account (email, name, password, status, id) values (?, ?, ?, ?, ?)
Hibernate: select a1_0.id,a1_0.email,a1_0.name,a1_0.password,a1_0.status from Account a1_0 where a1_0.id=?
Hibernate: select p1_0.acc_id,p1_0.id,p1_0.name,p1_0.password,p1_0.profileImage,p1_0.type from Profile p1_0 where p1_0.acc_id=?
Hibernate: select p1_0.account_id,p1_0.id,p1_0.description,p1_0.latitude,p1_0.longitude,p2_0.id,a1_0.id,a1_0.email,a1_0.name,a1_0.password,a1_0.status,p2_0.name,p2_0.password,p2_0.profileImage,p2_0.type,p1_0.publishDate from Publication p1_0 left join Profile p2_0 on p2_0.id=p1_0.profile_id left join Account a1_0 on a1_0.id=p2_0.acc_id where p1_0.account_id=?
Hibernate: delete from Account where id=?
Hibernate: select a1_0.id,a1_0.email,a1_0.name,a1_0.password,a1_0.status from Account a1_0 where a1_0.id=?
]]></system-out>
    <system-err><![CDATA[févr. 25, 2023 1:34:10 PM org.apache.openejb.util.LogStreamAsync run
INFOS: ********************************************************************************
févr. 25, 2023 1:34:10 PM org.apache.openejb.util.LogStreamAsync run
INFOS: OpenEJB http://tomee.apache.org/
févr. 25, 2023 1:34:10 PM org.apache.openejb.util.LogStreamAsync run
INFOS: Startup: Sat Feb 25 13:34:10 CET 2023
févr. 25, 2023 1:34:10 PM org.apache.openejb.util.LogStreamAsync run
INFOS: Copyright 1999-2021 (C) Apache TomEE Project, All Rights Reserved.
févr. 25, 2023 1:34:10 PM org.apache.openejb.util.LogStreamAsync run
INFOS: Version: 9.0.0
févr. 25, 2023 1:34:10 PM org.apache.openejb.util.LogStreamAsync run
INFOS: Build date: 20230103
févr. 25, 2023 1:34:10 PM org.apache.openejb.util.LogStreamAsync run
INFOS: Build time: 09:35
févr. 25, 2023 1:34:10 PM org.apache.openejb.util.LogStreamAsync run
INFOS: ********************************************************************************
févr. 25, 2023 1:34:10 PM org.apache.openejb.util.LogStreamAsync run
INFOS: openejb.home = /Users/thekingzeineddine/eclipse-workspace/familio
févr. 25, 2023 1:34:10 PM org.apache.openejb.util.LogStreamAsync run
INFOS: openejb.base = /Users/thekingzeineddine/eclipse-workspace/familio
févr. 25, 2023 1:34:10 PM org.apache.openejb.util.LogStreamAsync run
INFOS: Created new singletonService org.apache.openejb.cdi.ThreadSingletonServiceImpl@7a1234bf
févr. 25, 2023 1:34:10 PM org.apache.openejb.util.LogStreamAsync run
INFOS: Succeeded in installing singleton service
févr. 25, 2023 1:34:10 PM org.apache.openejb.util.LogStreamAsync run
INFOS: Using 'jakarta.ejb.embeddable.EJBContainer=true'
févr. 25, 2023 1:34:10 PM org.apache.openejb.util.LogStreamAsync run
INFOS: Cannot find the configuration file [conf/openejb.xml].  Will attempt to create one for the beans deployed.
févr. 25, 2023 1:34:10 PM org.apache.openejb.util.LogStreamAsync run
INFOS: Configuring Service(id=Default Security Service, type=SecurityService, provider-id=Default Security Service)
févr. 25, 2023 1:34:10 PM org.apache.openejb.util.LogStreamAsync run
INFOS: Configuring Service(id=Default Transaction Manager, type=TransactionManager, provider-id=Default Transaction Manager)
févr. 25, 2023 1:34:10 PM org.apache.openejb.util.LogStreamAsync run
INFOS: Configuring Service(id=test, type=Resource, provider-id=Default JDBC Database)
févr. 25, 2023 1:34:10 PM org.apache.openejb.util.LogStreamAsync run
INFOS: Creating TransactionManager(id=Default Transaction Manager)
févr. 25, 2023 1:34:10 PM org.apache.openejb.util.LogStreamAsync run
INFOS: Creating SecurityService(id=Default Security Service)
févr. 25, 2023 1:34:10 PM org.apache.openejb.util.LogStreamAsync run
INFOS: Using 'java.security.auth.login.config=jar:file:/Users/thekingzeineddine/.m2/repository/org/apache/tomee/openejb-core/9.0.0/openejb-core-9.0.0.jar!/login.config'
févr. 25, 2023 1:34:10 PM org.apache.openejb.util.LogStreamAsync run
INFOS: Creating Resource(id=test)
févr. 25, 2023 1:34:10 PM org.apache.openejb.util.LogStreamAsync run
INFOS: Inspecting classpath for applications: 24 urls. Consider adjusting your exclude/include.  Current settings: openejb.deployments.classpath.exclude='', openejb.deployments.classpath.include='.*'
févr. 25, 2023 1:34:11 PM org.apache.openejb.util.LogStreamAsync run
INFOS: Found EjbModule in classpath: /Users/thekingzeineddine/eclipse-workspace/familio/target/classes
févr. 25, 2023 1:34:11 PM org.apache.openejb.util.LogStreamAsync run
INFOS: Beginning load: /Users/thekingzeineddine/eclipse-workspace/familio/target/classes
févr. 25, 2023 1:34:11 PM org.apache.openejb.util.LogStreamAsync run
INFOS: Configuring enterprise application: /Users/thekingzeineddine/eclipse-workspace/familio
févr. 25, 2023 1:34:11 PM org.apache.openejb.util.LogStreamAsync run
INFOS: Auto-deploying ejb PublicationService: EjbDeployment(deployment-id=PublicationService)
févr. 25, 2023 1:34:11 PM org.apache.openejb.util.LogStreamAsync run
INFOS: Auto-deploying ejb AccountController: EjbDeployment(deployment-id=AccountController)
févr. 25, 2023 1:34:11 PM org.apache.openejb.util.LogStreamAsync run
INFOS: Auto-deploying ejb PublicationController: EjbDeployment(deployment-id=PublicationController)
févr. 25, 2023 1:34:11 PM org.apache.openejb.util.LogStreamAsync run
INFOS: Auto-deploying ejb ProfileService: EjbDeployment(deployment-id=ProfileService)
févr. 25, 2023 1:34:11 PM org.apache.openejb.util.LogStreamAsync run
INFOS: Auto-deploying ejb AccountService: EjbDeployment(deployment-id=AccountService)
févr. 25, 2023 1:34:11 PM org.apache.openejb.util.LogStreamAsync run
INFOS: Auto-deploying ejb ProfileController: EjbDeployment(deployment-id=ProfileController)
févr. 25, 2023 1:34:11 PM org.apache.openejb.util.LogStreamAsync run
INFOS: Auto-deploying ejb InfoController: EjbDeployment(deployment-id=InfoController)
févr. 25, 2023 1:34:11 PM org.apache.openejb.util.LogStreamAsync run
INFOS: Auto-deploying ejb PhotoController: EjbDeployment(deployment-id=PhotoController)
févr. 25, 2023 1:34:11 PM org.apache.openejb.util.LogStreamAsync run
INFOS: Configuring Service(id=projet, type=Resource, provider-id=Default JDBC Database)
févr. 25, 2023 1:34:11 PM org.apache.openejb.util.LogStreamAsync run
INFOS: Creating Resource(id=projet)
févr. 25, 2023 1:34:11 PM org.apache.openejb.util.LogStreamAsync run
INFOS: Configuring Service(id=Default Stateless Container, type=Container, provider-id=Default Stateless Container)
févr. 25, 2023 1:34:11 PM org.apache.openejb.util.LogStreamAsync run
INFOS: Auto-creating a container for bean PublicationService: Container(type=STATELESS, id=Default Stateless Container)
févr. 25, 2023 1:34:11 PM org.apache.openejb.util.LogStreamAsync run
INFOS: Creating Container(id=Default Stateless Container)
févr. 25, 2023 1:34:11 PM org.apache.openejb.util.LogStreamAsync run
INFOS: Auto-linking resource-ref 'openejb/Resource/projet' in bean PublicationService to Resource(id=projet)
févr. 25, 2023 1:34:11 PM org.apache.openejb.util.LogStreamAsync run
INFOS: Auto-linking resource-ref 'openejb/Resource/projet' in bean AccountController to Resource(id=projet)
févr. 25, 2023 1:34:11 PM org.apache.openejb.util.LogStreamAsync run
INFOS: Auto-linking resource-ref 'openejb/Resource/projet' in bean PublicationController to Resource(id=projet)
févr. 25, 2023 1:34:11 PM org.apache.openejb.util.LogStreamAsync run
INFOS: Auto-linking resource-ref 'openejb/Resource/projet' in bean ProfileService to Resource(id=projet)
févr. 25, 2023 1:34:11 PM org.apache.openejb.util.LogStreamAsync run
INFOS: Auto-linking resource-ref 'openejb/Resource/projet' in bean AccountService to Resource(id=projet)
févr. 25, 2023 1:34:11 PM org.apache.openejb.util.LogStreamAsync run
INFOS: Auto-linking resource-ref 'openejb/Resource/projet' in bean ProfileController to Resource(id=projet)
févr. 25, 2023 1:34:11 PM org.apache.openejb.util.LogStreamAsync run
INFOS: Auto-linking resource-ref 'openejb/Resource/projet' in bean InfoController to Resource(id=projet)
févr. 25, 2023 1:34:11 PM org.apache.openejb.util.LogStreamAsync run
INFOS: Auto-linking resource-ref 'openejb/Resource/projet' in bean PhotoController to Resource(id=projet)
févr. 25, 2023 1:34:11 PM org.apache.openejb.util.LogStreamAsync run
INFOS: Configuring Service(id=Default Managed Container, type=Container, provider-id=Default Managed Container)
févr. 25, 2023 1:34:11 PM org.apache.openejb.util.LogStreamAsync run
INFOS: Auto-creating a container for bean familio.Comp1593121948: Container(type=MANAGED, id=Default Managed Container)
févr. 25, 2023 1:34:11 PM org.apache.openejb.util.LogStreamAsync run
INFOS: Creating Container(id=Default Managed Container)
févr. 25, 2023 1:34:11 PM org.apache.openejb.util.LogStreamAsync run
INFOS: Using directory /var/folders/5b/2_s9glvn5dsgl065zyxbwk4m0000gn/T for stateful session passivation
févr. 25, 2023 1:34:11 PM org.apache.openejb.util.LogStreamAsync run
INFOS: Auto-linking resource-ref 'openejb/Resource/projet' in bean familio.Comp1593121948 to Resource(id=projet)
févr. 25, 2023 1:34:11 PM org.apache.openejb.util.LogStreamAsync run
INFOS: Auto-linking resource-ref 'openejb/Resource/projet' in bean jee.service.AccountServiceTests to Resource(id=projet)
févr. 25, 2023 1:34:11 PM org.apache.openejb.util.LogStreamAsync run
INFOS: Auto-linking resource-ref 'openejb/Resource/projet' in bean EjbModule1333192290.Comp558821862 to Resource(id=projet)
févr. 25, 2023 1:34:11 PM org.apache.openejb.util.LogStreamAsync run
INFOS: Configuring PersistenceUnit(name=projet, provider=org.hibernate.jpa.HibernatePersistenceProvider)
févr. 25, 2023 1:34:11 PM org.apache.openejb.util.LogStreamAsync run
INFOS: Auto-creating a Resource with id 'projetNonJta' of type 'DataSource' for 'projet'.
févr. 25, 2023 1:34:11 PM org.apache.openejb.util.LogStreamAsync run
INFOS: Configuring Service(id=projetNonJta, type=Resource, provider-id=projet)
févr. 25, 2023 1:34:11 PM org.apache.openejb.util.LogStreamAsync run
INFOS: Creating Resource(id=projetNonJta)
févr. 25, 2023 1:34:11 PM org.apache.openejb.util.LogStreamAsync run
INFOS: Adjusting PersistenceUnit projet <jta-data-source> to Resource ID 'projet' from 'jdbc/projet'
févr. 25, 2023 1:34:11 PM org.apache.openejb.util.LogStreamAsync run
INFOS: Adjusting PersistenceUnit projet <non-jta-data-source> to Resource ID 'projetNonJta' from 'null'
févr. 25, 2023 1:34:11 PM org.apache.openejb.util.LogStreamAsync run
INFOS: Enterprise application "/Users/thekingzeineddine/eclipse-workspace/familio" loaded.
févr. 25, 2023 1:34:11 PM org.apache.openejb.util.LogStreamAsync run
INFOS: Assembling app: /Users/thekingzeineddine/eclipse-workspace/familio
févr. 25, 2023 1:34:11 PM org.apache.openejb.util.LogStreamAsync run
INFOS: Jndi(name="java:global/familio/PublicationService!jee.service.PublicationService")
févr. 25, 2023 1:34:11 PM org.apache.openejb.util.LogStreamAsync run
INFOS: Jndi(name="java:global/familio/PublicationService")
févr. 25, 2023 1:34:11 PM org.apache.openejb.util.LogStreamAsync run
INFOS: Jndi(name="java:global/familio/AccountController!jee.controller.AccountController")
févr. 25, 2023 1:34:11 PM org.apache.openejb.util.LogStreamAsync run
INFOS: Jndi(name="java:global/familio/AccountController")
févr. 25, 2023 1:34:11 PM org.apache.openejb.util.LogStreamAsync run
INFOS: Jndi(name="java:global/familio/PublicationController!jee.controller.PublicationController")
févr. 25, 2023 1:34:11 PM org.apache.openejb.util.LogStreamAsync run
INFOS: Jndi(name="java:global/familio/PublicationController")
févr. 25, 2023 1:34:11 PM org.apache.openejb.util.LogStreamAsync run
INFOS: Jndi(name="java:global/familio/ProfileService!jee.service.ProfileService")
févr. 25, 2023 1:34:11 PM org.apache.openejb.util.LogStreamAsync run
INFOS: Jndi(name="java:global/familio/ProfileService")
févr. 25, 2023 1:34:11 PM org.apache.openejb.util.LogStreamAsync run
INFOS: Jndi(name="java:global/familio/AccountService!jee.service.AccountService")
févr. 25, 2023 1:34:11 PM org.apache.openejb.util.LogStreamAsync run
INFOS: Jndi(name="java:global/familio/AccountService")
févr. 25, 2023 1:34:11 PM org.apache.openejb.util.LogStreamAsync run
INFOS: Jndi(name="java:global/familio/ProfileController!jee.controller.ProfileController")
févr. 25, 2023 1:34:11 PM org.apache.openejb.util.LogStreamAsync run
INFOS: Jndi(name="java:global/familio/ProfileController")
févr. 25, 2023 1:34:11 PM org.apache.openejb.util.LogStreamAsync run
INFOS: Jndi(name="java:global/familio/InfoController!jee.controller.InfoController")
févr. 25, 2023 1:34:11 PM org.apache.openejb.util.LogStreamAsync run
INFOS: Jndi(name="java:global/familio/InfoController")
févr. 25, 2023 1:34:11 PM org.apache.openejb.util.LogStreamAsync run
INFOS: Jndi(name="java:global/familio/PhotoController!jee.controller.PhotoController")
févr. 25, 2023 1:34:11 PM org.apache.openejb.util.LogStreamAsync run
INFOS: Jndi(name="java:global/familio/PhotoController")
févr. 25, 2023 1:34:11 PM org.apache.openejb.util.LogStreamAsync run
INFOS: Existing thread singleton service in SystemInstance(): org.apache.openejb.cdi.ThreadSingletonServiceImpl@7a1234bf
févr. 25, 2023 1:34:11 PM org.apache.openejb.util.LogStreamAsync run
INFOS: Some Principal APIs could not be loaded: org.eclipse.microprofile.jwt.JsonWebToken out of org.eclipse.microprofile.jwt.JsonWebToken not found
févr. 25, 2023 1:34:11 PM org.apache.openejb.util.LogStreamAsync run
INFOS: OpenWebBeans Container is starting...
févr. 25, 2023 1:34:11 PM org.apache.webbeans.plugins.PluginLoader startUp
INFOS: Adding OpenWebBeansPlugin : [CdiPlugin]
févr. 25, 2023 1:34:11 PM org.apache.webbeans.config.BeansDeployer validateInjectionPoints
INFOS: All injection points were validated successfully.
févr. 25, 2023 1:34:11 PM org.apache.openejb.util.LogStreamAsync run
INFOS: OpenWebBeans Container has started, it took 47 ms.
févr. 25, 2023 1:34:11 PM org.apache.openejb.util.LogStreamAsync run
INFOS: Ignoring XML Configuration for validator org.apache.bval.jsr.ConfigurationImpl
févr. 25, 2023 1:34:11 PM org.apache.openejb.util.LogStreamAsync run
INFOS: Created Ejb(deployment-id=ProfileController, ejb-name=ProfileController, container=Default Stateless Container)
févr. 25, 2023 1:34:11 PM org.apache.openejb.util.LogStreamAsync run
INFOS: Created Ejb(deployment-id=PublicationController, ejb-name=PublicationController, container=Default Stateless Container)
févr. 25, 2023 1:34:11 PM org.apache.openejb.util.LogStreamAsync run
INFOS: Created Ejb(deployment-id=ProfileService, ejb-name=ProfileService, container=Default Stateless Container)
févr. 25, 2023 1:34:11 PM org.apache.openejb.util.LogStreamAsync run
INFOS: Created Ejb(deployment-id=PublicationService, ejb-name=PublicationService, container=Default Stateless Container)
févr. 25, 2023 1:34:11 PM org.apache.openejb.util.LogStreamAsync run
INFOS: Created Ejb(deployment-id=InfoController, ejb-name=InfoController, container=Default Stateless Container)
févr. 25, 2023 1:34:11 PM org.apache.openejb.util.LogStreamAsync run
INFOS: Created Ejb(deployment-id=AccountService, ejb-name=AccountService, container=Default Stateless Container)
févr. 25, 2023 1:34:11 PM org.apache.openejb.util.LogStreamAsync run
INFOS: Created Ejb(deployment-id=PhotoController, ejb-name=PhotoController, container=Default Stateless Container)
févr. 25, 2023 1:34:11 PM org.apache.openejb.util.LogStreamAsync run
INFOS: Created Ejb(deployment-id=AccountController, ejb-name=AccountController, container=Default Stateless Container)
févr. 25, 2023 1:34:11 PM org.apache.openejb.util.LogStreamAsync run
INFOS: Started Ejb(deployment-id=ProfileController, ejb-name=ProfileController, container=Default Stateless Container)
févr. 25, 2023 1:34:11 PM org.apache.openejb.util.LogStreamAsync run
INFOS: Started Ejb(deployment-id=PublicationController, ejb-name=PublicationController, container=Default Stateless Container)
févr. 25, 2023 1:34:11 PM org.apache.openejb.util.LogStreamAsync run
INFOS: Started Ejb(deployment-id=ProfileService, ejb-name=ProfileService, container=Default Stateless Container)
févr. 25, 2023 1:34:11 PM org.apache.openejb.util.LogStreamAsync run
INFOS: Started Ejb(deployment-id=PublicationService, ejb-name=PublicationService, container=Default Stateless Container)
févr. 25, 2023 1:34:11 PM org.apache.openejb.util.LogStreamAsync run
INFOS: Started Ejb(deployment-id=InfoController, ejb-name=InfoController, container=Default Stateless Container)
févr. 25, 2023 1:34:11 PM org.apache.openejb.util.LogStreamAsync run
INFOS: Started Ejb(deployment-id=AccountService, ejb-name=AccountService, container=Default Stateless Container)
févr. 25, 2023 1:34:11 PM org.apache.openejb.util.LogStreamAsync run
INFOS: Started Ejb(deployment-id=PhotoController, ejb-name=PhotoController, container=Default Stateless Container)
févr. 25, 2023 1:34:11 PM org.apache.openejb.util.LogStreamAsync run
INFOS: Started Ejb(deployment-id=AccountController, ejb-name=AccountController, container=Default Stateless Container)
févr. 25, 2023 1:34:11 PM org.apache.openejb.util.LogStreamAsync run
INFOS: Deployed Application(path=/Users/thekingzeineddine/eclipse-workspace/familio)
févr. 25, 2023 1:34:11 PM org.hibernate.jpa.internal.util.LogHelper logPersistenceUnitInformation
INFO: HHH000204: Processing PersistenceUnitInfo [name: projet]
févr. 25, 2023 1:34:11 PM org.hibernate.boot.internal.MetadataBuilderImpl$MetadataBuildingOptionsImpl lambda$new$1
WARN: HHH90000021: Encountered deprecated setting [javax.persistence.sharedCache.mode], use [jakarta.persistence.sharedCache.mode] instead
févr. 25, 2023 1:34:11 PM org.hibernate.engine.jdbc.dialect.internal.DialectFactoryImpl logSelectedDialect
INFO: HHH000400: Using dialect: org.hibernate.dialect.PostgreSQL95Dialect
févr. 25, 2023 1:34:11 PM org.hibernate.engine.jdbc.dialect.internal.DialectFactoryImpl logSelectedDialect
WARN: HHH90000026: PostgreSQL95Dialect has been deprecated; use org.hibernate.dialect.PostgreSQLDialect instead
févr. 25, 2023 1:34:11 PM org.hibernate.id.enhanced.TableGenerator determineDefaultSegmentValue
INFO: HHH000398: Explicit segment value for id generator [AccountGen.sequence_name] suggested; using default [Photo]
févr. 25, 2023 1:34:11 PM org.hibernate.id.enhanced.TableGenerator determineDefaultSegmentValue
INFO: HHH000398: Explicit segment value for id generator [AccountGen.sequence_name] suggested; using default [Profile]
févr. 25, 2023 1:34:11 PM org.hibernate.id.enhanced.TableGenerator determineDefaultSegmentValue
INFO: HHH000398: Explicit segment value for id generator [AccountGen.sequence_name] suggested; using default [Account]
févr. 25, 2023 1:34:11 PM org.hibernate.id.enhanced.TableGenerator determineDefaultSegmentValue
INFO: HHH000398: Explicit segment value for id generator [SEQ_TABLE.sequence_name] suggested; using default [Publication]
févr. 25, 2023 1:34:11 PM org.hibernate.engine.transaction.jta.platform.internal.JtaPlatformInitiator initiateService
INFO: HHH000490: Using JtaPlatform implementation: [org.apache.openejb.hibernate.OpenEJBJtaPlatform2]
févr. 25, 2023 1:34:11 PM org.apache.openejb.util.LogStreamAsync run
INFOS: PersistenceUnit(name=projet, provider=org.hibernate.jpa.HibernatePersistenceProvider) - provider time 426ms
févr. 25, 2023 1:34:11 PM org.apache.openejb.util.LogStreamAsync run
INFOS: Undeploying app: /Users/thekingzeineddine/eclipse-workspace/familio
févr. 25, 2023 1:34:11 PM org.hibernate.resource.beans.container.spi.AbstractCdiBeanContainer stop
INFO: HHH10005004: Stopping BeanContainer : org.hibernate.resource.beans.container.internal.CdiBeanContainerImmediateAccessImpl@21a33970
févr. 25, 2023 1:34:11 PM org.apache.openejb.util.LogStreamAsync run
INFOS: Closing DataSource: projet
févr. 25, 2023 1:34:11 PM org.apache.openejb.util.LogStreamAsync run
INFOS: Destroying OpenEJB container
févr. 25, 2023 1:34:11 PM org.apache.openejb.util.LogStreamAsync run
INFOS: Closing DataSource: projetNonJta
févr. 25, 2023 1:34:11 PM org.apache.openejb.util.LogStreamAsync run
INFOS: Closing DataSource: test
]]></system-err>
  </testcase>
</testsuite>